  [1m[36m (3.0ms)[0m  [1mCREATE TABLE "schema_migrations" ("version" varchar NOT NULL) [0m
  [1m[35m (0.2ms)[0m  select sqlite_version(*)
  [1m[36m (2.9ms)[0m  [1mCREATE UNIQUE INDEX "unique_schema_migrations" ON "schema_migrations" ("version")[0m
  [1m[35mActiveRecord::SchemaMigration Load (0.2ms)[0m  SELECT "schema_migrations".* FROM "schema_migrations"
  [1m[36mActiveRecord::SchemaMigration Load (1.0ms)[0m  [1mSELECT "schema_migrations".* FROM "schema_migrations"[0m
  [1m[36mActiveRecord::SchemaMigration Load (1.1ms)[0m  [1mSELECT "schema_migrations".* FROM "schema_migrations"[0m
  [1m[36mActiveRecord::SchemaMigration Load (0.9ms)[0m  [1mSELECT "schema_migrations".* FROM "schema_migrations"[0m


Started GET "/" for ::1 at 2016-08-08 20:29:52 -0500
Processing by Rails::WelcomeController#index as HTML
  Rendered /Users/Maria/.rvm/gems/ruby-2.2.4/gems/railties-4.2.6/lib/rails/templates/rails/welcome/index.html.erb (16.2ms)
Completed 200 OK in 176ms (Views: 114.8ms | ActiveRecord: 0.0ms)
  [1m[36mActiveRecord::SchemaMigration Load (0.9ms)[0m  [1mSELECT "schema_migrations".* FROM "schema_migrations"[0m


Started GET "/" for ::1 at 2016-08-08 20:54:06 -0500
Processing by PostsController#index as HTML
Completed 500 Internal Server Error in 20ms (ActiveRecord: 0.0ms)

NameError (uninitialized constant PostsController::Post):
  app/controllers/posts_controller.rb:6:in `index'


  Rendered /Users/Maria/.rvm/gems/ruby-2.2.4/gems/actionpack-4.2.6/lib/action_dispatch/middleware/templates/rescues/_source.erb (7.1ms)
  Rendered /Users/Maria/.rvm/gems/ruby-2.2.4/gems/actionpack-4.2.6/lib/action_dispatch/middleware/templates/rescues/_trace.html.erb (5.9ms)
  Rendered /Users/Maria/.rvm/gems/ruby-2.2.4/gems/actionpack-4.2.6/lib/action_dispatch/middleware/templates/rescues/_request_and_response.html.erb (1.8ms)
  Rendered /Users/Maria/.rvm/gems/ruby-2.2.4/gems/actionpack-4.2.6/lib/action_dispatch/middleware/templates/rescues/diagnostics.html.erb within rescues/layout (135.2ms)
  Rendered /Users/Maria/.rvm/gems/ruby-2.2.4@global/gems/web-console-2.3.0/lib/web_console/templates/_markup.html.erb (0.5ms)
  Rendered /Users/Maria/.rvm/gems/ruby-2.2.4@global/gems/web-console-2.3.0/lib/web_console/templates/_inner_console_markup.html.erb within layouts/inlined_string (0.4ms)
  Rendered /Users/Maria/.rvm/gems/ruby-2.2.4@global/gems/web-console-2.3.0/lib/web_console/templates/_prompt_box_markup.html.erb within layouts/inlined_string (0.5ms)
  Rendered /Users/Maria/.rvm/gems/ruby-2.2.4@global/gems/web-console-2.3.0/lib/web_console/templates/style.css.erb within layouts/inlined_string (0.4ms)
  Rendered /Users/Maria/.rvm/gems/ruby-2.2.4@global/gems/web-console-2.3.0/lib/web_console/templates/console.js.erb within layouts/javascript (240.2ms)
  Rendered /Users/Maria/.rvm/gems/ruby-2.2.4@global/gems/web-console-2.3.0/lib/web_console/templates/main.js.erb within layouts/javascript (0.4ms)
  Rendered /Users/Maria/.rvm/gems/ruby-2.2.4@global/gems/web-console-2.3.0/lib/web_console/templates/error_page.js.erb within layouts/javascript (0.5ms)
  Rendered /Users/Maria/.rvm/gems/ruby-2.2.4@global/gems/web-console-2.3.0/lib/web_console/templates/index.html.erb (398.9ms)


Started GET "/posts" for ::1 at 2016-08-08 20:59:20 -0500
Processing by PostsController#index as HTML
Completed 500 Internal Server Error in 9ms (ActiveRecord: 0.0ms)

NameError (uninitialized constant PostsController::Post):
  app/controllers/posts_controller.rb:6:in `index'


  Rendered /Users/Maria/.rvm/gems/ruby-2.2.4/gems/actionpack-4.2.6/lib/action_dispatch/middleware/templates/rescues/_source.erb (7.7ms)
  Rendered /Users/Maria/.rvm/gems/ruby-2.2.4/gems/actionpack-4.2.6/lib/action_dispatch/middleware/templates/rescues/_trace.html.erb (5.2ms)
  Rendered /Users/Maria/.rvm/gems/ruby-2.2.4/gems/actionpack-4.2.6/lib/action_dispatch/middleware/templates/rescues/_request_and_response.html.erb (4.3ms)
  Rendered /Users/Maria/.rvm/gems/ruby-2.2.4/gems/actionpack-4.2.6/lib/action_dispatch/middleware/templates/rescues/diagnostics.html.erb within rescues/layout (124.9ms)
  Rendered /Users/Maria/.rvm/gems/ruby-2.2.4@global/gems/web-console-2.3.0/lib/web_console/templates/_markup.html.erb (1.0ms)
  Rendered /Users/Maria/.rvm/gems/ruby-2.2.4@global/gems/web-console-2.3.0/lib/web_console/templates/_inner_console_markup.html.erb within layouts/inlined_string (1.1ms)
  Rendered /Users/Maria/.rvm/gems/ruby-2.2.4@global/gems/web-console-2.3.0/lib/web_console/templates/_prompt_box_markup.html.erb within layouts/inlined_string (0.5ms)
  Rendered /Users/Maria/.rvm/gems/ruby-2.2.4@global/gems/web-console-2.3.0/lib/web_console/templates/style.css.erb within layouts/inlined_string (0.6ms)
  Rendered /Users/Maria/.rvm/gems/ruby-2.2.4@global/gems/web-console-2.3.0/lib/web_console/templates/console.js.erb within layouts/javascript (125.0ms)
  Rendered /Users/Maria/.rvm/gems/ruby-2.2.4@global/gems/web-console-2.3.0/lib/web_console/templates/main.js.erb within layouts/javascript (0.5ms)
  Rendered /Users/Maria/.rvm/gems/ruby-2.2.4@global/gems/web-console-2.3.0/lib/web_console/templates/error_page.js.erb within layouts/javascript (0.7ms)
  Rendered /Users/Maria/.rvm/gems/ruby-2.2.4@global/gems/web-console-2.3.0/lib/web_console/templates/index.html.erb (276.4ms)
  [1m[36mActiveRecord::SchemaMigration Load (1.1ms)[0m  [1mSELECT "schema_migrations".* FROM "schema_migrations"[0m
Migrating to CreateCkeditorAssets (20160810182532)
  [1m[35m (0.2ms)[0m  begin transaction
  [1m[36m (0.6ms)[0m  [1mCREATE TABLE "ckeditor_assets" ("id" INTEGER PRIMARY KEY AUTOINCREMENT NOT NULL, "data_file_name" varchar NOT NULL, "data_content_type" varchar, "data_file_size" integer, "assetable_id" integer, "assetable_type" varchar(30), "type" varchar(30), "width" integer, "height" integer, "created_at" datetime NOT NULL, "updated_at" datetime NOT NULL) [0m
  [1m[35m (9.8ms)[0m  select sqlite_version(*)
  [1m[36m (0.3ms)[0m  [1mCREATE  INDEX "idx_ckeditor_assetable_type" ON "ckeditor_assets" ("assetable_type", "type", "assetable_id")[0m
  [1m[35m (0.2ms)[0m              SELECT sql
            FROM sqlite_master
            WHERE name='idx_ckeditor_assetable_type' AND type='index'
            UNION ALL
            SELECT sql
            FROM sqlite_temp_master
            WHERE name='idx_ckeditor_assetable_type' AND type='index'

  [1m[36m (0.2ms)[0m  [1mCREATE  INDEX "idx_ckeditor_assetable" ON "ckeditor_assets" ("assetable_type", "assetable_id")[0m
  [1m[35mSQL (0.4ms)[0m  INSERT INTO "schema_migrations" ("version") VALUES (?)  [["version", "20160810182532"]]
  [1m[36m (3.3ms)[0m  [1mcommit transaction[0m
  [1m[35mActiveRecord::SchemaMigration Load (0.3ms)[0m  SELECT "schema_migrations".* FROM "schema_migrations"
  [1m[36m (0.3ms)[0m  [1m            SELECT sql
            FROM sqlite_master
            WHERE name='idx_ckeditor_assetable' AND type='index'
            UNION ALL
            SELECT sql
            FROM sqlite_temp_master
            WHERE name='idx_ckeditor_assetable' AND type='index'
[0m
  [1m[35m (0.2ms)[0m              SELECT sql
            FROM sqlite_master
            WHERE name='idx_ckeditor_assetable_type' AND type='index'
            UNION ALL
            SELECT sql
            FROM sqlite_temp_master
            WHERE name='idx_ckeditor_assetable_type' AND type='index'

